
2024-03-23 00:00:00: fixed bug: corrected type hinting in function `foo` to match type of input parameter `bar` (#1234)
2023-02-01 00:00:00: Fixed bug in login functionality (#1234)
2023-02-22 00:00:00: Fixed bug in function `handle_error()` by adding error handling logic (#1234).
2024-08-12 00:00:00: Fixed typo in `readme.md` (#67)
2024-05-16 00:00:00: Fixed Type Error in Function `fix_typo()` (#1234)
2022-01-29 00:00:00: Fixed bug in function `x()` by updating line 100.
2024-10-02 00:00:00: fixed typo in readme (typosquatting #35)
2023-05-04 00:00:00: Fixed bug in login functionality (#1234)
2024-03-04 00:00:00: Fixed bug in `login` function to prevent incorrect authentication (#345)
2023-01-11 00:00:00: Fixed type hinting for improved code readability (#85)
1937-11-05 00:00:00: Fixed bug in `models.py` related to edge case handling with improved error messages (#2345)
1966-09-16 00:00:00: Fixed type errors in `src/main.py` for improved type checking (#56)
1912-08-31 00:00:00: Fixed bug in login functionality by updating authentication logic (#234)
1981-09-07 00:00:00: Fixed bug in `calculator.py` by updating `calculate()` function to use reduced precision arithmetic for improved performance (#245)
1933-11-16 00:00:00: Fixed bug in login functionality by updating `login.py`.
1967-12-02 00:00:00: Fixed bug in login functionality by updating `login.py` (#1234)
1939-01-07 00:00:00: fixed bug in login functionality (#1234)
1942-01-26 00:00:00: Fixed bug in `calculator.py` related to incorrect calculation of square root (#1234).
1928-01-24 00:00:00: Fixed bug in function `process_data()` by adding proper type checking for input parameters (#345).
1933-11-12 00:00:00: Fixed bug in login functionality by updating account_management module (#1234).
2024-02-15T01:10:22 : Fixed typo in function signature
------------------------------

Refactored code for improved readability
-----------------------------------

Added missing docstring to class method
---------------------------------

Cleaned up unused variables and functions
------------------------------------

Improved error handling with try-except block
--------------------------------------

Renamed variable for consistency
------------------------------
2024-11-19T16:43:16 : Fixed bug in function X, improved performance by 20%
2014-08-27T06:36:50 : Fixes #1234: Optimized database queries for improved performance.
2012-10-16T15:31:11 : Fixed typo in function signature leading to incorrect output (#1234).
2005-09-30T06:34:20 : Fixed bug in `model.py`: Issue #12345: Corrected calculation of `x` in `update_predictions()` to prevent divide by zero error.
2008-02-05T19:51:11 : Fixed issue #1234: Handle edge case in calculation of total price (# of items x weight x unit price) by updating function `calculate_total` to return correct value.
2022-07-27T11:22:18 : fixed bug in `calculate_pi` function (#572)
2001-01-24T06:35:58 : Fixed type hints for improved readability (#345)
2010-03-24T14:48:09 : fixed bug in login feature (#1234)
2021-11-09T15:26:01 : Fixed bug in `calculator.py` that caused incorrect calculations with large numbers. (#1234)
1942-02-21T10:12:33 : Fixed Type Error in function `login()` when input validation fails (#1234).
1943-09-02T22:43:35 : Fixed issue #12345: Improved error handling in `function_name()`
1912-08-16T15:57:09 : Fixed bug in `login` function to properly handle invalid username input.
1948-09-15T12:25:03 : ```
Fixed type hinting for improved code readability (#345)
```
1953-11-12T20:50:58 : Fixed type hinting for improved readability (#345)
1953-05-22T03:18:05 : ```
 fixed typo in readme
```
1972-05-14T22:03:22 : ```
Fixed bug in login functionality
    - Code refactored for improved readability and maintainability
    - Tested and verified fix works correctly
```
1978-07-27T18:40:58 : Fixed bug in `models/user.py` related to invalid input validation.
1901-03-28T12:18:13 : Fixed bug in functionality X to improve user experience (#1234)
1972-09-22T07:04:05 : Fixed bug in function `foo` that caused incorrect output with input `bar`.
1835-10-12T16:15:21 : Fixed bug in `algorithm.py` for improved performance when processing large datasets (#784)
1807-05-21T19:17:30 : Fixed Type Error in `calculator.py` when inputting invalid numbers (#278)
1860-01-07T10:11:59 : Fixed issue #1234: Corrected error in function ` foo` to improve program stability (#5)
1856-01-07T06:27:14 : ```
Fixed bug in login functionality by updating login_form.py (#1234)
```
1863-02-27T06:24:04 : Fixed type hinting for `get_user_info()` (#1234)
1800-10-15T03:15:33 : Fixed issue #1234: Corrected bug in login functionality by updating `login.py` (3 lines)
1862-09-04T01:11:42 : Fixed buggy logic in `calculate_squared_distance()` function (#42)
1842-06-10T07:48:26 : fixed bug in function ` Foo` with id `bar`
1850-12-24T02:32:37 : Fixed type checker warnings in `models.py` for improved code readability (#234)
1872-03-15T07:30:54 : Fixed bug in `models.py` affecting model validation (#1234)
2045-01-28T12:38:44 : Fixed bug in user authentication by updating `login.py`.
1974-07-28T07:22:51 : Fixed bug in function `process_data()` by adding validation for invalid input parameters (#1234).
1989-02-21T04:33:29 : Fixed bug in `calculator.py` for handling decimal numbers (#1234).
1904-11-11T08:18:54 : Fixed typo in `main.py` for improved readability (#78)
1959-04-04T03:16:13 : fixed bug in `algorithm`: corrected edge case leading to crashes (#345)
2007-09-26T22:37:51 : fixed typo in readme.md (#42)
1977-04-09T07:53:27 : Fixed bug in `calculator` module by updating `operators` dictionary (#1234)
1921-08-14T17:16:07 : fixed bug: corrected typos in function signature (#234)
1916-02-05T06:23:12 : Fixed bug in `calculator.py` by updating `num1` and `num2` variables.
2005-07-18T00:55:43 : Fixed bug in `username` function to prevent infinite loop (#1234)
1900-02-06T05:49:21 : Fixed bug in `models.py`: Fixes #1234 by updating dependencies (#depend)
1974-09-10T06:08:16 : Fixed Type Error in `calculator.py` When Calculating Square Root (#1234)